<?xml version="1.0" encoding="utf-8"?><testsuites name="pytest tests"><testsuite name="pytest" errors="0" failures="0" skipped="0" tests="25" time="7.337" timestamp="2026-01-12T01:40:39.244344+00:00" hostname="a7dc73f8db4b"><testcase classname="tests.test_mcp_http.TestMCPHTTPServer" name="test_server_startup" time="0.380" /><testcase classname="tests.test_mcp_http.TestMCPHTTPServer" name="test_all_tools_registered" time="0.001" /><testcase classname="tests.test_mcp_http.TestMCPHTTPServer" name="test_cypher_query_tool_directly" time="5.558" /><testcase classname="tests.test_mcp_http.TestMCPHTTPServer" name="test_keyword_search_tool_directly" time="0.506" /><testcase classname="tests.test_mcp_http.TestMCPHTTPServer" name="test_read_page_tool_directly" time="0.001" /><testcase classname="tests.test_mcp_http.TestMCPHTTPServer" name="test_read_page_not_found" time="0.001" /><testcase classname="tests.test_mcp_http.TestMCPHTTPServer" name="test_update_page_tool_directly" time="0.001" /><testcase classname="tests.test_mcp_http.TestMCPHTTPServer" name="test_path_traversal_protection_read" time="0.001" /><testcase classname="tests.test_mcp_http.TestMCPHTTPServer" name="test_path_traversal_protection_write" time="0.001" /><testcase classname="tests.test_mcp_http.TestMCPHTTPServer" name="test_mcp_client_connection" time="0.021" /><testcase classname="tests.test_mcp_http.TestMCPHTTPServer" name="test_mcp_list_tools" time="0.020" /><testcase classname="tests.test_mcp_http.TestMCPHTTPServer" name="test_mcp_keyword_search" time="0.081" /><testcase classname="tests.test_mcp_http.TestMCPHTTPServer" name="test_mcp_cypher_query" time="0.024" /><testcase classname="tests.test_mcp_http.TestMCPHTTPServer" name="test_mcp_semantic_search" time="0.050" /><testcase classname="tests.test_mcp_http.TestMCPHTTPServer" name="test_mcp_hybrid_search" time="0.116" /><testcase classname="tests.test_mcp_http.TestMCPHTTPIntegration" name="test_full_workflow" time="0.069" /><testcase classname="tests.test_grpc_server.TestGRPCServer" name="test_grpc_server_imports" time="0.020" /><testcase classname="tests.test_grpc_server.TestGRPCServer" name="test_query_rpc_structure" time="0.000" /><testcase classname="tests.test_grpc_server.TestGRPCServer" name="test_search_rpc_structure" time="0.000" /><testcase classname="tests.test_grpc_server.TestGRPCServer" name="test_update_page_rpc_structure" time="0.000" /><testcase classname="tests.test_grpc_server.TestGRPCServer" name="test_grpc_servicer_can_be_instantiated" time="0.307" /><testcase classname="tests.test_grpc_server.TestGRPCServer" name="test_grpc_server_starts" time="0.001" /><testcase classname="tests.test_grpc_server.TestGRPCClientCalls" name="test_query_rpc_call" time="0.096" /><testcase classname="tests.test_grpc_server.TestGRPCClientCalls" name="test_search_rpc_call" time="0.005" /><testcase classname="tests.test_grpc_server.TestGRPCClientCalls" name="test_query_invalid_cypher" time="0.016" /></testsuite></testsuites>
